<?xml version="1.0" encoding="UTF-8"?>
<testng-results ignored="0" total="1" passed="1" failed="0" skipped="0">
  <reporter-output>
  </reporter-output>
  <suite started-at="2023-09-15T14:46:35 GMT-07:00" name="Default suite" finished-at="2023-09-15T14:47:00 GMT-07:00" duration-ms="25683">
    <groups>
    </groups>
    <test started-at="2023-09-15T14:46:35 GMT-07:00" name="Default test" finished-at="2023-09-15T14:47:00 GMT-07:00" duration-ms="25683">
      <class name="TestCases.CheckPrice">
        <test-method is-config="true" signature="launchURL()[pri:0, instance:TestCases.CheckPrice@1bb5a082]" started-at="2023-09-15T14:46:35 GMT-07:00" name="launchURL" finished-at="2023-09-15T14:46:48 GMT-07:00" duration-ms="12956" status="PASS">
          <reporter-output>
          </reporter-output>
        </test-method> <!-- launchURL -->
        <test-method signature="comparePrice()[pri:0, instance:TestCases.CheckPrice@1bb5a082]" started-at="2023-09-15T14:46:48 GMT-07:00" name="comparePrice" finished-at="2023-09-15T14:47:00 GMT-07:00" duration-ms="12643" status="PASS">
          <reporter-output>
          </reporter-output>
        </test-method> <!-- comparePrice -->
      </class> <!-- TestCases.CheckPrice -->
    </test> <!-- Default test -->
  </suite> <!-- Default suite -->
</testng-results>
